OutdoorGPS/MyTracks/proguard/seeds.txt
com.nogago.bb10.tracks.R$array: int activity_types
com.nogago.bb10.tracks.R$array: int auto_resume_track_timeout_values
com.nogago.bb10.tracks.R$array: int file_types
com.nogago.bb10.tracks.R$array: int frequency_values
com.nogago.bb10.tracks.R$array: int max_recording_distance_values
com.nogago.bb10.tracks.R$array: int min_recording_distance_values
com.nogago.bb10.tracks.R$array: int min_recording_interval_values
com.nogago.bb10.tracks.R$array: int min_required_accuracy_values
com.nogago.bb10.tracks.R$array: int sensor_type_all_options
com.nogago.bb10.tracks.R$array: int sensor_type_all_values
com.nogago.bb10.tracks.R$array: int sensor_type_bluetooth_options
com.nogago.bb10.tracks.R$array: int sensor_type_bluetooth_values
com.nogago.bb10.tracks.R$array: int task_period_options
com.nogago.bb10.tracks.R$array: int task_period_values
com.nogago.bb10.tracks.R$array: int tile_source_keys
com.nogago.bb10.tracks.R$array: int tile_source_values
com.nogago.bb10.tracks.R$array: int track_color_mode_options
com.nogago.bb10.tracks.R$array: int track_color_mode_values
com.nogago.bb10.tracks.R$array: int track_name_options
com.nogago.bb10.tracks.R$array: int track_name_values
com.nogago.bb10.tracks.R$array: int waypoint_types
com.nogago.bb10.tracks.R$bool: int ga_autoActivityTracking
com.nogago.bb10.tracks.R$bool: int ga_reportUncaughtExceptions
com.nogago.bb10.tracks.R$color: int actionBarBG
com.nogago.bb10.tracks.R$color: int actionBarSeperator
com.nogago.bb10.tracks.R$color: int black
com.nogago.bb10.tracks.R$color: int blue
com.nogago.bb10.tracks.R$color: int cadence_border
com.nogago.bb10.tracks.R$color: int cadence_fill
com.nogago.bb10.tracks.R$color: int darkgray
com.nogago.bb10.tracks.R$color: int elevation_border
com.nogago.bb10.tracks.R$color: int elevation_fill
com.nogago.bb10.tracks.R$color: int fast_path
com.nogago.bb10.tracks.R$color: int gray
com.nogago.bb10.tracks.R$color: int green
com.nogago.bb10.tracks.R$color: int heart_rate_border
com.nogago.bb10.tracks.R$color: int heart_rate_fill
com.nogago.bb10.tracks.R$color: int lightgray
com.nogago.bb10.tracks.R$color: int normal_path
com.nogago.bb10.tracks.R$color: int pace_border
com.nogago.bb10.tracks.R$color: int pace_fill
com.nogago.bb10.tracks.R$color: int power_border
com.nogago.bb10.tracks.R$color: int power_fill
com.nogago.bb10.tracks.R$color: int red
com.nogago.bb10.tracks.R$color: int signal_border
com.nogago.bb10.tracks.R$color: int signal_fill
com.nogago.bb10.tracks.R$color: int slow_path
com.nogago.bb10.tracks.R$color: int speed_border
com.nogago.bb10.tracks.R$color: int speed_fill
com.nogago.bb10.tracks.R$color: int track_widget_line
com.nogago.bb10.tracks.R$color: int warning_background
com.nogago.bb10.tracks.R$color: int white
com.nogago.bb10.tracks.R$color: int yellow
com.nogago.bb10.tracks.R$dimen: int widget_margin
...
com.google.common.primitives.Booleans$LexicographicalComparator: com.google.common.primitives.Booleans$LexicographicalComparator[] values()
com.google.common.primitives.Booleans$LexicographicalComparator: com.google.common.primitives.Booleans$LexicographicalComparator valueOf(java.lang.String)
com.google.common.primitives.Chars$LexicographicalComparator: com.google.common.primitives.Chars$LexicographicalComparator[] values()
com.google.common.primitives.Chars$LexicographicalComparator: com.google.common.primitives.Chars$LexicographicalComparator valueOf(java.lang.String)
com.google.common.primitives.Doubles$LexicographicalComparator: com.google.common.primitives.Doubles$LexicographicalComparator[] values()
com.google.common.primitives.Doubles$LexicographicalComparator: com.google.common.primitives.Doubles$LexicographicalComparator valueOf(java.lang.String)
com.google.common.primitives.Floats$LexicographicalComparator: com.google.common.primitives.Floats$LexicographicalComparator[] values()
com.google.common.primitives.Floats$LexicographicalComparator: com.google.common.primitives.Floats$LexicographicalComparator valueOf(java.lang.String)
com.google.common.primitives.Ints$LexicographicalComparator: com.google.common.primitives.Ints$LexicographicalComparator[] values()
com.google.common.primitives.Ints$LexicographicalComparator: com.google.common.primitives.Ints$LexicographicalComparator valueOf(java.lang.String)
com.google.common.primitives.Longs$LexicographicalComparator: com.google.common.primitives.Longs$LexicographicalComparator[] values()
com.google.common.primitives.Longs$LexicographicalComparator: com.google.common.primitives.Longs$LexicographicalComparator valueOf(java.lang.String)
com.google.common.primitives.Shorts$LexicographicalComparator: com.google.common.primitives.Shorts$LexicographicalComparator[] values()
com.google.common.primitives.Shorts$LexicographicalComparator: com.google.common.primitives.Shorts$LexicographicalComparator valueOf(java.lang.String)
com.google.common.primitives.SignedBytes$LexicographicalComparator: com.google.common.primitives.SignedBytes$LexicographicalComparator[] values()
com.google.common.primitives.SignedBytes$LexicographicalComparator: com.google.common.primitives.SignedBytes$LexicographicalComparator valueOf(java.lang.String)
com.google.common.primitives.UnsignedBytes$LexicographicalComparatorHolder$PureJavaComparator: com.google.common.primitives.UnsignedBytes$LexicographicalComparatorHolder$PureJavaComparator[] values()
com.google.common.primitives.UnsignedBytes$LexicographicalComparatorHolder$PureJavaComparator: com.google.common.primitives.UnsignedBytes$LexicographicalComparatorHolder$PureJavaComparator valueOf(java.lang.String)
com.google.common.primitives.UnsignedBytes$LexicographicalComparatorHolder$UnsafeComparator: com.google.common.primitives.UnsignedBytes$LexicographicalComparatorHolder$UnsafeComparator[] values()
com.google.common.primitives.UnsignedBytes$LexicographicalComparatorHolder$UnsafeComparator: com.google.common.primitives.UnsignedBytes$LexicographicalComparatorHolder$UnsafeComparator valueOf(java.lang.String)
com.google.common.util.concurrent.Service$State: com.google.common.util.concurrent.Service$State[] values()
com.google.common.util.concurrent.Service$State: com.google.common.util.concurrent.Service$State valueOf(java.lang.String)
com.google.gson.FieldNamingPolicy: com.google.gson.FieldNamingPolicy[] values()
com.google.gson.FieldNamingPolicy: com.google.gson.FieldNamingPolicy valueOf(java.lang.String)
com.google.gson.LongSerializationPolicy: com.google.gson.LongSerializationPolicy[] values()
com.google.gson.LongSerializationPolicy: com.google.gson.LongSerializationPolicy valueOf(java.lang.String)