OutdoorGPS/MyTracks/proguard/mapping.txt
com.google.android.apps.mytracks.services.tasks.PeriodicTaskExecutor -> com.google.android.apps.mytracks.services.b.h:
    java.lang.String TAG -> a
    com.google.android.apps.mytracks.services.TrackRecordingService trackRecordingService -> b
    com.google.android.apps.mytracks.services.tasks.PeriodicTaskFactory periodicTaskFactory -> c
    int taskFrequency -> d
    com.google.android.apps.mytracks.services.tasks.PeriodicTask periodicTask -> e
    com.google.android.apps.mytracks.services.tasks.TimerTaskExecutor timerTaskExecutor -> f
    boolean metricUnits -> g
    double nextTaskDistance -> h
    65:99:void restore() -> a
    105:113:void shutdown() -> b
    119:136:void update() -> c
    144:146:void setTaskFrequency(int) -> a
    154:156:void setMetricUnits(boolean) -> a
    162:187:void calculateNextTaskDistance() -> d
    193:193:boolean isTimeFrequency() -> e
    200:200:boolean isDistanceFrequency() -> f
com.google.android.apps.mytracks.services.tasks.PeriodicTaskFactory -> com.google.android.apps.mytracks.services.b.i:
    com.google.android.apps.mytracks.services.tasks.PeriodicTask create(android.content.Context) -> a
com.google.android.apps.mytracks.services.tasks.SplitPeriodicTask -> com.google.android.apps.mytracks.services.b.j:
    30:30:void start() -> a
    34:35:void run(com.google.android.apps.mytracks.services.TrackRecordingService) -> a
    38:38:void shutdown() -> b
com.google.android.apps.mytracks.services.tasks.SplitPeriodicTaskFactory -> com.google.android.apps.mytracks.services.b.k:
    30:30:com.google.android.apps.mytracks.services.tasks.PeriodicTask create(android.content.Context) -> a
com.google.android.apps.mytracks.services.tasks.TimerTaskExecutor -> com.google.android.apps.mytracks.services.b.l:
    com.google.android.apps.mytracks.services.tasks.PeriodicTask periodicTask -> a
    com.google.android.apps.mytracks.services.TrackRecordingService trackRecordingService -> b
    java.util.Timer timer -> c
    83:89:void shutdown() -> a
com.google.android.apps.mytracks.services.tasks.TimerTaskExecutor$PeriodicTimerTask -> com.google.android.apps.mytracks.services.b.m:
    com.google.android.apps.mytracks.services.tasks.TimerTaskExecutor this$0 -> a
    98:99:void run() -> run
com.google.android.apps.mytracks.settings.AbstractSettingsActivity -> com.google.android.apps.mytracks.settings.AbstractSettingsActivity:
    com.google.android.apps.mytracks.io.backup.BackupPreferencesListener backupPreferencesListener -> a
    42:55:void onCreate(android.os.Bundle) -> onCreate
    59:63:boolean onOptionsItemSelected(android.view.MenuItem) -> onOptionsItemSelected
    69:73:void onDestroy() -> onDestroy
com.google.android.apps.mytracks.settings.BackupSettingsActivity -> com.google.android.apps.mytracks.settings.BackupSettingsActivity:
    android.preference.Preference backupPreference -> a
    android.preference.Preference restorePreference -> b
    android.content.SharedPreferences$OnSharedPreferenceChangeListener sharedPreferenceChangeListener -> c
    74:107:void onCreate(android.os.Bundle) -> onCreate
    111:114:android.app.Dialog onCreateDialog(int) -> onCreateDialog
    141:143:void onResume() -> onResume
    149:156:void updateUi() -> a
    160:162:void onStart() -> onStart
    166:168:void onStop() -> onStop
    148:148:void access$0(com.google.android.apps.mytracks.settings.BackupSettingsActivity) -> a
com.google.android.apps.mytracks.settings.BackupSettingsActivity$1 -> com.google.android.apps.mytracks.settings.a:
    com.google.android.apps.mytracks.settings.BackupSettingsActivity this$0 -> a
    64:68:void onSharedPreferenceChanged(android.content.SharedPreferences,java.lang.String) -> onSharedPreferenceChanged
com.google.android.apps.mytracks.settings.BackupSettingsActivity$2 -> com.google.android.apps.mytracks.settings.b:
    com.google.android.apps.mytracks.settings.BackupSettingsActivity this$0 -> a
    83:84:void onClick(android.view.View) -> onClick