OutdoorGPS/MyTracks/proguard/usage.txt
com.nogago.bb10.tracks.BuildConfig
com.nogago.bb10.tracks.Manifest
com.nogago.bb10.tracks.Manifest$permission
com.nogago.bb10.tracks.R
com.nogago.bb10.tracks.R$array
com.nogago.bb10.tracks.R$attr
com.nogago.bb10.tracks.R$bool
com.nogago.bb10.tracks.R$color
com.nogago.bb10.tracks.R$dimen
com.nogago.bb10.tracks.R$drawable
com.nogago.bb10.tracks.R$id
com.nogago.bb10.tracks.R$layout
com.nogago.bb10.tracks.R$menu
com.nogago.bb10.tracks.R$plurals
com.nogago.bb10.tracks.R$raw
com.nogago.bb10.tracks.R$string
com.nogago.bb10.tracks.R$style
com.nogago.bb10.tracks.R$xml
...
org.codehaus.jackson.util.JsonGeneratorDelegate
org.codehaus.jackson.util.JsonParserDelegate
org.codehaus.jackson.util.JsonParserSequence
org.codehaus.jackson.util.MinimalPrettyPrinter
org.codehaus.jackson.util.TextBuffer
org.codehaus.jackson.util.TokenBuffer
org.codehaus.jackson.util.TokenBuffer$1
org.codehaus.jackson.util.TokenBuffer$Parser
org.codehaus.jackson.util.TokenBuffer$Segment
org.codehaus.jackson.util.VersionUtil
org.codehaus.jackson.util.package-info
org.metalev.multitouch.controller.MultiTouchController:
    private static final long EVENT_SETTLE_TIME_INTERVAL
    private static final float MAX_MULTITOUCH_POS_JUMP_SIZE
    private static final float MAX_MULTITOUCH_DIM_JUMP_SIZE
    private static final float MIN_MULTITOUCH_SEPARATION
    public static final int MAX_TOUCH_POINTS
    public static final boolean DEBUG
    private static final int MODE_NOTHING
    private static final int MODE_DRAG
    private static final int MODE_PINCH
    160:161:public MultiTouchController(org.metalev.multitouch.controller.MultiTouchController$MultiTouchObjectCanvas)
    177:178:protected void setHandleSingleTouchEvents(boolean)
    184:184:protected boolean getHandleSingleTouchEvents()
org.metalev.multitouch.controller.MultiTouchController$PointInfo:
    535:557:public void set(org.metalev.multitouch.controller.MultiTouchController$PointInfo)
    638:638:public int getNumTouchPoints()
    648:648:public float[] getXs()
    658:658:public float[] getYs()
    668:668:public int[] getPointerIds()
    673:673:public float getPressure()
    678:678:public float[] getPressures()
    688:688:public int getAction()
org.metalev.multitouch.controller.MultiTouchController$PositionAndScale:
    736:736:public float getXOff()
    740:740:public float getYOff()
    749:749:public float getScaleX()
    754:754:public float getScaleY()
    758:758:public float getAngle()
org.osmdroid.DefaultResourceProxyImpl:
    42:94:public java.lang.String getString(org.osmdroid.ResourceProxy$string)
    100:100:public varargs java.lang.String getString(org.osmdroid.ResourceProxy$string,java.lang.Object[])
    154:154:public android.graphics.drawable.Drawable getDrawable(org.osmdroid.ResourceProxy$bitmap)
org.osmdroid.DefaultResourceProxyImpl$1
org.osmdroid.LocationListenerProxy
org.osmdroid.ResourceProxy:
    public abstract java.lang.String getString(org.osmdroid.ResourceProxy$string)
    public varargs abstract java.lang.String getString(org.osmdroid.ResourceProxy$string,java.lang.Object[])
    public abstract android.graphics.drawable.Drawable getDrawable(org.osmdroid.ResourceProxy$bitmap)
org.osmdroid.SensorEventListenerProxy
org.osmdroid.api.IMapController
org.osmdroid.api.IMapView:
    public abstract org.osmdroid.api.IMapController getController()
    public abstract org.osmdroid.api.IProjection getProjection()
    public abstract int getZoomLevel()
    public abstract int getMaxZoomLevel()
    public abstract int getLatitudeSpan()
    public abstract int getLongitudeSpan()
    public abstract org.osmdroid.api.IGeoPoint getMapCenter()
    public abstract void setBackgroundColor(int)
org.osmdroid.api.IMyLocationOverlay
org.osmdroid.api.IProjection
org.osmdroid.contributor.GpxToPHPUploader
org.osmdroid.contributor.GpxToPHPUploader$1
org.osmdroid.contributor.OSMUploader
org.osmdroid.contributor.OSMUploader$1
org.osmdroid.contributor.RouteRecorder
org.osmdroid.contributor.util.RecordedGeoPoint:
    private static final long serialVersionUID
    protected final long mTimeStamp
    protected final int mNumSatellites
    32:33:public RecordedGeoPoint(int,int)
    37:40:public RecordedGeoPoint(int,int,long,int)
    47:47:public long getTimeStamp()
    51:51:public double getLatitudeAsDouble()
    55:55:public double getLongitudeAsDouble()
    59:59:public int getNumSatellites()
org.osmdroid.contributor.util.RecordedRouteGPXFormatter
org.osmdroid.contributor.util.Util
org.osmdroid.contributor.util.constants.OpenStreetMapContributorConstants